<?xml version="1.0" encoding="UTF-8"?>
<testsuite xmlns:xsi="http://www.w3.org/2001/XMLSchema-instance" xsi:noNamespaceSchemaLocation="https://maven.apache.org/surefire/maven-surefire-plugin/xsd/surefire-test-report-3.0.xsd" version="3.0" name="com.example.springsecurityldap.SpringSecurityLdapApplicationTests" time="3.009" tests="1" errors="0" skipped="0" failures="0">
  <properties>
[...]
</properties>
  <testcase name="contextLoads" classname="com.example.springsecurityldap.SpringSecurityLdapApplicationTests" time="0.615">
    <system-out><![CDATA[15:57:45.754 [main] INFO org.springframework.test.context.support.AnnotationConfigContextLoaderUtils -- Could not detect default configuration classes for test class [com.example.springsecurityldap.SpringSecurityLdapApplicationTests]: SpringSecurityLdapApplicationTests does not declare any static, non-private, non-final, nested classes annotated with @Configuration.
15:57:45.861 [main] INFO org.springframework.boot.test.context.SpringBootTestContextBootstrapper -- Found @SpringBootConfiguration com.example.springsecurityldap.SpringSecurityLdapApplication for test class com.example.springsecurityldap.SpringSecurityLdapApplicationTests

  .   ____          _            __ _ _
 /\\ / ___'_ __ _ _(_)_ __  __ _ \ \ \ \
( ( )\___ | '_ | '_| | '_ \/ _` | \ \ \ \
 \\/  ___)| |_)| | | | | || (_| |  ) ) ) )
  '  |____| .__|_| |_|_| |_\__, | / / / /
 =========|_|==============|___/=/_/_/_/
 :: Spring Boot ::                (v3.2.0)

2024-05-14T15:57:46.219+01:00  INFO 416486 --- [           main] c.e.s.SpringSecurityLdapApplicationTests : Starting SpringSecurityLdapApplicationTests using Java 17.0.10 with PID 416486 (started by mickael in /home/mickael/Redis-session-persistence/webapp01-logout-remote-WITH-REDIS)
2024-05-14T15:57:46.221+01:00  INFO 416486 --- [           main] c.e.s.SpringSecurityLdapApplicationTests : No active profile set, falling back to 1 default profile: "default"
2024-05-14T15:57:46.717+01:00  INFO 416486 --- [           main] .s.d.r.c.RepositoryConfigurationDelegate : Multiple Spring Data modules found, entering strict repository configuration mode
2024-05-14T15:57:46.719+01:00  INFO 416486 --- [           main] .s.d.r.c.RepositoryConfigurationDelegate : Bootstrapping Spring Data Redis repositories in DEFAULT mode.
2024-05-14T15:57:46.741+01:00  INFO 416486 --- [           main] .s.d.r.c.RepositoryConfigurationDelegate : Finished Spring Data repository scanning in 10 ms. Found 0 Redis repository interfaces.
2024-05-14T15:57:47.052+01:00  INFO 416486 --- [           main] s.s.l.DefaultSpringSecurityContextSource : Configure with URL ldap://localhost:8389/dc=springframework,dc=org and root DN dc=springframework,dc=org
2024-05-14T15:57:47.054+01:00  INFO 416486 --- [           main] o.s.l.c.support.AbstractContextSource    : Property 'userDn' not set - anonymous context will be used for read-write operations
2024-05-14T15:57:47.269+01:00  INFO 416486 --- [           main] o.s.s.web.DefaultSecurityFilterChain     : Will secure any request with [org.springframework.security.web.session.DisableEncodeUrlFilter@6c17c0f8, org.springframework.security.web.context.request.async.WebAsyncManagerIntegrationFilter@260e3837, org.springframework.security.web.context.SecurityContextHolderFilter@500051c5, org.springframework.security.web.header.HeaderWriterFilter@4aa2877c, org.springframework.web.filter.CorsFilter@88b76f2, org.springframework.security.web.csrf.CsrfFilter@8a6631b, org.springframework.security.web.authentication.logout.LogoutFilter@2a2dc0a, org.springframework.security.web.authentication.UsernamePasswordAuthenticationFilter@6da4feeb, org.springframework.security.web.authentication.ui.DefaultLoginPageGeneratingFilter@61615b4a, org.springframework.security.web.authentication.ui.DefaultLogoutPageGeneratingFilter@1b4872bc, org.springframework.security.web.savedrequest.RequestCacheAwareFilter@4c19d42e, org.springframework.security.web.servletapi.SecurityContextHolderAwareRequestFilter@373e6b9d, org.springframework.security.web.authentication.AnonymousAuthenticationFilter@498a612d, org.springframework.security.web.access.ExceptionTranslationFilter@6ddee60f, org.springframework.security.web.access.intercept.AuthorizationFilter@7a083b96]
2024-05-14T15:57:47.912+01:00  INFO 416486 --- [           main] o.s.l.c.support.AbstractContextSource    : Property 'userDn' not set - anonymous context will be used for read-write operations
2024-05-14T15:57:47.947+01:00  WARN 416486 --- [           main] .s.s.UserDetailsServiceAutoConfiguration : 

Using generated security password: b471f627-24da-43c4-b0e7-91a84738614e

This generated password is for development use only. Your security configuration must be updated before running your application in production.

2024-05-14T15:57:48.024+01:00  INFO 416486 --- [           main] c.e.s.SpringSecurityLdapApplicationTests : Started SpringSecurityLdapApplicationTests in 2.057 seconds (process running for 2.809)
]]></system-out>
  </testcase>
</testsuite>