<?xml version="1.0" encoding="UTF-8"?>
<testsuite xmlns:xsi="http://www.w3.org/2001/XMLSchema-instance" xsi:noNamespaceSchemaLocation="https://maven.apache.org/surefire/maven-surefire-plugin/xsd/surefire-test-report-3.0.xsd" version="3.0" name="com.example.springsecurityldap.SpringSecurityLdapApplicationTests" time="3.237" tests="1" errors="0" skipped="0" failures="0">
  <properties>
[...]
</properties>
  <testcase name="contextLoads" classname="com.example.springsecurityldap.SpringSecurityLdapApplicationTests" time="0.643">
    <system-out><![CDATA[10:49:41.984 [main] INFO org.springframework.test.context.support.AnnotationConfigContextLoaderUtils -- Could not detect default configuration classes for test class [com.example.springsecurityldap.SpringSecurityLdapApplicationTests]: SpringSecurityLdapApplicationTests does not declare any static, non-private, non-final, nested classes annotated with @Configuration.
10:49:42.086 [main] INFO org.springframework.boot.test.context.SpringBootTestContextBootstrapper -- Found @SpringBootConfiguration com.example.springsecurityldap.SpringSecurityLdapApplication for test class com.example.springsecurityldap.SpringSecurityLdapApplicationTests

  .   ____          _            __ _ _
 /\\ / ___'_ __ _ _(_)_ __  __ _ \ \ \ \
( ( )\___ | '_ | '_| | '_ \/ _` | \ \ \ \
 \\/  ___)| |_)| | | | | || (_| |  ) ) ) )
  '  |____| .__|_| |_|_| |_\__, | / / / /
 =========|_|==============|___/=/_/_/_/
 :: Spring Boot ::                (v3.2.0)

2024-05-07T10:49:42.442+01:00  INFO 65367 --- [           main] c.e.s.SpringSecurityLdapApplicationTests : Starting SpringSecurityLdapApplicationTests using Java 17.0.10 with PID 65367 (started by mickael in /home/mickael/persistence-session-demo/v2-webapp02-springboot-remote-WITH-REDIS)
2024-05-07T10:49:42.443+01:00  INFO 65367 --- [           main] c.e.s.SpringSecurityLdapApplicationTests : No active profile set, falling back to 1 default profile: "default"
2024-05-07T10:49:42.951+01:00  INFO 65367 --- [           main] .s.d.r.c.RepositoryConfigurationDelegate : Multiple Spring Data modules found, entering strict repository configuration mode
2024-05-07T10:49:42.953+01:00  INFO 65367 --- [           main] .s.d.r.c.RepositoryConfigurationDelegate : Bootstrapping Spring Data Redis repositories in DEFAULT mode.
2024-05-07T10:49:42.978+01:00  INFO 65367 --- [           main] .s.d.r.c.RepositoryConfigurationDelegate : Finished Spring Data repository scanning in 12 ms. Found 0 Redis repository interfaces.
2024-05-07T10:49:43.295+01:00  INFO 65367 --- [           main] s.s.l.DefaultSpringSecurityContextSource : Configure with URL ldap://localhost:8389/dc=springframework,dc=org and root DN dc=springframework,dc=org
2024-05-07T10:49:43.297+01:00  INFO 65367 --- [           main] o.s.l.c.support.AbstractContextSource    : Property 'userDn' not set - anonymous context will be used for read-write operations
2024-05-07T10:49:43.568+01:00  INFO 65367 --- [           main] o.s.s.web.DefaultSecurityFilterChain     : Will secure any request with [org.springframework.security.web.session.DisableEncodeUrlFilter@1d3c112a, org.springframework.security.web.context.request.async.WebAsyncManagerIntegrationFilter@2a140ce5, org.springframework.security.web.context.SecurityContextHolderFilter@7d42542, org.springframework.security.web.header.HeaderWriterFilter@76d7881e, org.springframework.web.filter.CorsFilter@1f71194d, org.springframework.security.web.csrf.CsrfFilter@14447be, org.springframework.security.web.authentication.logout.LogoutFilter@3c952a33, org.springframework.security.web.authentication.UsernamePasswordAuthenticationFilter@11d4d979, org.springframework.security.web.authentication.ui.DefaultLoginPageGeneratingFilter@2a8a3ada, org.springframework.security.web.authentication.ui.DefaultLogoutPageGeneratingFilter@db99785, org.springframework.security.web.savedrequest.RequestCacheAwareFilter@1f87607c, org.springframework.security.web.servletapi.SecurityContextHolderAwareRequestFilter@4b862408, org.springframework.security.web.authentication.AnonymousAuthenticationFilter@70716259, org.springframework.security.web.access.ExceptionTranslationFilter@6b1b19cf, org.springframework.security.web.access.intercept.AuthorizationFilter@93501be]
2024-05-07T10:49:44.341+01:00  INFO 65367 --- [           main] o.s.l.c.support.AbstractContextSource    : Property 'userDn' not set - anonymous context will be used for read-write operations
2024-05-07T10:49:44.377+01:00  WARN 65367 --- [           main] .s.s.UserDetailsServiceAutoConfiguration : 

Using generated security password: ce6569da-683c-4182-b358-5b9514da83ba

This generated password is for development use only. Your security configuration must be updated before running your application in production.

2024-05-07T10:49:44.448+01:00  INFO 65367 --- [           main] c.e.s.SpringSecurityLdapApplicationTests : Started SpringSecurityLdapApplicationTests in 2.252 seconds (process running for 3.079)
]]></system-out>
  </testcase>
</testsuite>